Build started 05/04/2014 01:29:39.
     1>Project "X:\Users\Dave\Desktop\latest\games-engineering-project-develop\ThePlayer\ThePlayer.vcxproj" on node 2 (Build target(s)).
     1>ClCompile:
         C:\Program Files (x86)\Microsoft Visual Studio 12.0\VC\bin\CL.exe /c /ZI /nologo /W3 /WX- /sdl /Od /Oy- /D WIN32 /D _DEBUG /D _CONSOLE /D _LIB /D _UNICODE /D UNICODE /Gm /EHsc /RTC1 /MTd /GS /fp:precise /Zc:wchar_t /Zc:forScope /Fo"Debug\\" /Fd"Debug\vc120.pdb" /Gd /TP /analyze- /errorReport:prompt HudManager.cpp
         HudManager.cpp
     1>x:\users\dave\desktop\latest\games-engineering-project-develop\theplayer\hudmanager.cpp(31): warning C4553: '==' : operator has no effect; did you intend '='?
     1>x:\users\dave\desktop\latest\games-engineering-project-develop\theplayer\hudmanager.cpp(70): warning C4244: 'initializing' : conversion from 'float' to 'int', possible loss of data
       Link:
         C:\Program Files (x86)\Microsoft Visual Studio 12.0\VC\bin\link.exe /ERRORREPORT:PROMPT /OUT:"X:\Users\Dave\Desktop\latest\games-engineering-project-develop\Debug\ThePlayer.exe" /INCREMENTAL /NOLOGO kernel32.lib user32.lib gdi32.lib winspool.lib comdlg32.lib advapi32.lib shell32.lib ole32.lib oleaut32.lib uuid.lib odbc32.lib odbccp32.lib /MANIFEST /MANIFESTUAC:"level='asInvoker' uiAccess='false'" /manifest:embed /DEBUG /PDB:"X:\Users\Dave\Desktop\latest\games-engineering-project-develop\Debug\ThePlayer.pdb" /SUBSYSTEM:CONSOLE /TLBID:1 /DYNAMICBASE /NXCOMPAT /IMPLIB:"X:\Users\Dave\Desktop\latest\games-engineering-project-develop\Debug\ThePlayer.lib" /MACHINE:X86 Debug\Collectable.obj
         Debug\DistanceDecision.obj
         Debug\DistanceToGuardedItemDecision.obj
         Debug\DistanceToPlayerDecision.obj
         Debug\DistanceToWeaknessDecision.obj
         Debug\Door.obj
         Debug\Enemy.obj
         Debug\Entity.obj
         Debug\EntityManager.obj
         Debug\Flee.obj
         Debug\FleeState.obj
         Debug\FreeCamera.obj
         Debug\Furniture.obj
         Debug\Game.obj
         Debug\HudManager.obj
         Debug\main.obj
         Debug\MessageHandler.obj
         Debug\Object.obj
         Debug\PhysicsEngine.obj
         Debug\PhysicsEntity.obj
         Debug\Player.obj
         Debug\PlayerInRoomDecision.obj
         Debug\Room.obj
         Debug\Seek.obj
         Debug\SeekState.obj
         Debug\Spin2.obj
         Debug\StateNormal.obj
         Debug\StateSpin.obj
         Debug\TargetCamera.obj
         Debug\Wall.obj
         Debug\WeaknessInRoomDecision.obj
         ThePlayer.vcxproj -> X:\Users\Dave\Desktop\latest\games-engineering-project-develop\Debug\ThePlayer.exe
     1>Done Building Project "X:\Users\Dave\Desktop\latest\games-engineering-project-develop\ThePlayer\ThePlayer.vcxproj" (Build target(s)).

Build succeeded.

Time Elapsed 00:00:01.66
